<?xml version="1.0" encoding="UTF-8"?>
<testsuite name="MainTest" tests="8" skipped="0" failures="2" errors="0" timestamp="2021-10-26T14:53:40" hostname="LAPTOP-FG4I0H6I" time="0.146">
  <properties/>
  <testcase name="testThrowExceptionTakeBook" classname="MainTest" time="0.12"/>
  <testcase name="testThrowExceptionAddBook" classname="MainTest" time="0.003"/>
  <testcase name="testAddBook" classname="MainTest" time="0.002"/>
  <testcase name="testThrowExceptionCapacity" classname="MainTest" time="0.002"/>
  <testcase name="testCreateLibrary" classname="MainTest" time="0.003"/>
  <testcase name="testTakeBook" classname="MainTest" time="0.001"/>
  <testcase name="testTakeBookOutput" classname="MainTest" time="0.002">
    <failure message="org.junit.ComparisonFailure: expected:&lt;...thor5), name=Book 0)[]&#10;&gt; but was:&lt;...thor5), name=Book 0)[&#13;]&#10;&gt;" type="org.junit.ComparisonFailure">org.junit.ComparisonFailure: expected:&lt;...thor5), name=Book 0)[]
&gt; but was:&lt;...thor5), name=Book 0)[]
&gt;
	at org.junit.Assert.assertEquals(Assert.java:115)
	at org.junit.Assert.assertEquals(Assert.java:144)
	at MainTest.testTakeBookOutput(MainTest.java:83)
	at sun.reflect.NativeMethodAccessorImpl.invoke0(Native Method)
	at sun.reflect.NativeMethodAccessorImpl.invoke(NativeMethodAccessorImpl.java:62)
	at sun.reflect.DelegatingMethodAccessorImpl.invoke(DelegatingMethodAccessorImpl.java:43)
	at java.lang.reflect.Method.invoke(Method.java:498)
	at org.junit.runners.model.FrameworkMethod$1.runReflectiveCall(FrameworkMethod.java:50)
	at org.junit.internal.runners.model.ReflectiveCallable.run(ReflectiveCallable.java:12)
	at org.junit.runners.model.FrameworkMethod.invokeExplosively(FrameworkMethod.java:47)
	at org.junit.internal.runners.statements.InvokeMethod.evaluate(InvokeMethod.java:17)
	at org.junit.internal.runners.statements.RunBefores.evaluate(RunBefores.java:26)
	at org.junit.runners.ParentRunner.runLeaf(ParentRunner.java:325)
	at org.junit.runners.BlockJUnit4ClassRunner.runChild(BlockJUnit4ClassRunner.java:78)
	at org.junit.runners.BlockJUnit4ClassRunner.runChild(BlockJUnit4ClassRunner.java:57)
	at org.junit.runners.ParentRunner$3.run(ParentRunner.java:290)
	at org.junit.runners.ParentRunner$1.schedule(ParentRunner.java:71)
	at org.junit.runners.ParentRunner.runChildren(ParentRunner.java:288)
	at org.junit.runners.ParentRunner.access$000(ParentRunner.java:58)
	at org.junit.runners.ParentRunner$2.evaluate(ParentRunner.java:268)
	at org.junit.runners.ParentRunner.run(ParentRunner.java:363)
	at org.gradle.api.internal.tasks.testing.junit.JUnitTestClassExecutor.runTestClass(JUnitTestClassExecutor.java:110)
	at org.gradle.api.internal.tasks.testing.junit.JUnitTestClassExecutor.execute(JUnitTestClassExecutor.java:58)
	at org.gradle.api.internal.tasks.testing.junit.JUnitTestClassExecutor.execute(JUnitTestClassExecutor.java:38)
	at org.gradle.api.internal.tasks.testing.junit.AbstractJUnitTestClassProcessor.processTestClass(AbstractJUnitTestClassProcessor.java:62)
	at org.gradle.api.internal.tasks.testing.SuiteTestClassProcessor.processTestClass(SuiteTestClassProcessor.java:51)
	at sun.reflect.NativeMethodAccessorImpl.invoke0(Native Method)
	at sun.reflect.NativeMethodAccessorImpl.invoke(NativeMethodAccessorImpl.java:62)
	at sun.reflect.DelegatingMethodAccessorImpl.invoke(DelegatingMethodAccessorImpl.java:43)
	at java.lang.reflect.Method.invoke(Method.java:498)
	at org.gradle.internal.dispatch.ReflectionDispatch.dispatch(ReflectionDispatch.java:36)
	at org.gradle.internal.dispatch.ReflectionDispatch.dispatch(ReflectionDispatch.java:24)
	at org.gradle.internal.dispatch.ContextClassLoaderDispatch.dispatch(ContextClassLoaderDispatch.java:33)
	at org.gradle.internal.dispatch.ProxyDispatchAdapter$DispatchingInvocationHandler.invoke(ProxyDispatchAdapter.java:94)
	at com.sun.proxy.$Proxy2.processTestClass(Unknown Source)
	at org.gradle.api.internal.tasks.testing.worker.TestWorker.processTestClass(TestWorker.java:121)
	at sun.reflect.NativeMethodAccessorImpl.invoke0(Native Method)
	at sun.reflect.NativeMethodAccessorImpl.invoke(NativeMethodAccessorImpl.java:62)
	at sun.reflect.DelegatingMethodAccessorImpl.invoke(DelegatingMethodAccessorImpl.java:43)
	at java.lang.reflect.Method.invoke(Method.java:498)
	at org.gradle.internal.dispatch.ReflectionDispatch.dispatch(ReflectionDispatch.java:36)
	at org.gradle.internal.dispatch.ReflectionDispatch.dispatch(ReflectionDispatch.java:24)
	at org.gradle.internal.remote.internal.hub.MessageHubBackedObjectConnection$DispatchWrapper.dispatch(MessageHubBackedObjectConnection.java:182)
	at org.gradle.internal.remote.internal.hub.MessageHubBackedObjectConnection$DispatchWrapper.dispatch(MessageHubBackedObjectConnection.java:164)
	at org.gradle.internal.remote.internal.hub.MessageHub$Handler.run(MessageHub.java:414)
	at org.gradle.internal.concurrent.ExecutorPolicy$CatchAndRecordFailures.onExecute(ExecutorPolicy.java:64)
	at org.gradle.internal.concurrent.ManagedExecutorImpl$1.run(ManagedExecutorImpl.java:48)
	at java.util.concurrent.ThreadPoolExecutor.runWorker(ThreadPoolExecutor.java:1149)
	at java.util.concurrent.ThreadPoolExecutor$Worker.run(ThreadPoolExecutor.java:624)
	at org.gradle.internal.concurrent.ThreadFactoryImpl$ManagedThreadRunnable.run(ThreadFactoryImpl.java:56)
	at java.lang.Thread.run(Thread.java:748)
</failure>
  </testcase>
  <testcase name="testPrintContent" classname="MainTest" time="0.005">
    <failure message="org.junit.ComparisonFailure: expected:&lt;...thor0), name=Book 0)[&#10;1 Book(author=Author(name=Author0), name=Book 1)&#10;2 Book(author=Author(name=Author0), name=Book 2)&#10;3 Book(author=Author(name=Author0), name=Book 3)&#10;4 Book(author=Author(name=Author0), name=Book 4)&#10;5 Book(author=Author(name=Author0), name=Book 5)&#10;6 Book(author=Author(name=Author0), name=Book 6)&#10;7 Book(author=Author(name=Author0), name=Book 7)&#10;8 Book(author=Author(name=Author0), name=Book 8)&#10;9 Book(author=Author(name=Author0), name=Book 9)&#10;10 Book(author=Author(name=Author1), name=Book 0)&#10;11 Book(author=Author(name=Author1), name=Book 1)&#10;12 Book(author=Author(name=Author1), name=Book 2)&#10;13 Book(author=Author(name=Author1), name=Book 3)&#10;14 Book(author=Author(name=Author1), name=Book 4)&#10;15 Book(author=Author(name=Author1), name=Book 5)&#10;16 Book(author=Author(name=Author1), name=Book 6)&#10;17 Book(author=Author(name=Author1), name=Book 7)&#10;18 Book(author=Author(name=Author1), name=Book 8)&#10;19 Book(author=Author(name=Author1), name=Book 9)&#10;20 Book(author=Author(name=Author2), name=Book 0)&#10;21 Book(author=Author(name=Author2), name=Book 1)&#10;22 Book(author=Author(name=Author2), name=Book 2)&#10;23 Book(author=Author(name=Author2), name=Book 3)&#10;24 Book(author=Author(name=Author2), name=Book 4)&#10;25 Book(author=Author(name=Author2), name=Book 5)&#10;26 Book(author=Author(name=Author2), name=Book 6)&#10;27 Book(author=Author(name=Author2), name=Book 7)&#10;28 Book(author=Author(name=Author2), name=Book 8)&#10;29 Book(author=Author(name=Author2), name=Book 9)&#10;30 Book(author=Author(name=Author3), name=Book 0)&#10;31 Book(author=Author(name=Author3), name=Book 1)&#10;32 Book(author=Author(name=Author3), name=Book 2)&#10;33 Book(author=Author(name=Author3), name=Book 3)&#10;34 Book(author=Author(name=Author3), name=Book 4)&#10;35 Book(author=Author(name=Author3), name=Book 5)&#10;36 Book(author=Author(name=Author3), name=Book 6)&#10;37 Book(author=Author(name=Author3), name=Book 7)&#10;38 Book(author=Author(name=Author3), name=Book 8)&#10;39 Book(author=Author(name=Author3), name=Book 9)&#10;40 Book(author=Author(name=Author4), name=Book 0)&#10;41 Book(author=Author(name=Author4), name=Book 1)&#10;42 Book(author=Author(name=Author4), name=Book 2)&#10;43 Book(author=Author(name=Author4), name=Book 3)&#10;44 Book(author=Author(name=Author4), name=Book 4)&#10;45 Book(author=Author(name=Author4), name=Book 5)&#10;46 Book(author=Author(name=Author4), name=Book 6)&#10;47 Book(author=Author(name=Author4), name=Book 7)&#10;48 Book(author=Author(name=Author4), name=Book 8)&#10;49 Book(author=Author(name=Author4), name=Book 9)&#10;50 Book(author=Author(name=Author5), name=Book 0)&#10;51 Book(author=Author(name=Author5), name=Book 1)&#10;52 Book(author=Author(name=Author5), name=Book 2)&#10;53 Book(author=Author(name=Author5), name=Book 3)&#10;54 Book(author=Author(name=Author5), name=Book 4)&#10;55 Book(author=Author(name=Author5), name=Book 5)&#10;56 Book(author=Author(name=Author5), name=Book 6)&#10;57 Book(author=Author(name=Author5), name=Book 7)&#10;58 Book(author=Author(name=Author5), name=Book 8)&#10;59 Book(author=Author(name=Author5), name=Book 9)&#10;60 Book(author=Author(name=Author6), name=Book 0)&#10;61 Book(author=Author(name=Author6), name=Book 1)&#10;62 Book(author=Author(name=Author6), name=Book 2)&#10;63 Book(author=Author(name=Author6), name=Book 3)&#10;64 Book(author=Author(name=Author6), name=Book 4)&#10;65 Book(author=Author(name=Author6), name=Book 5)&#10;66 Book(author=Author(name=Author6), name=Book 6)&#10;67 Book(author=Author(name=Author6), name=Book 7)&#10;68 Book(author=Author(name=Author6), name=Book 8)&#10;69 Book(author=Author(name=Author6), name=Book 9)&#10;70 Book(author=Author(name=Author7), name=Book 0)&#10;71 Book(author=Author(name=Author7), name=Book 1)&#10;72 Book(author=Author(name=Author7), name=Book 2)&#10;73 Book(author=Author(name=Author7), name=Book 3)&#10;74 Book(author=Author(name=Author7), name=Book 4)&#10;75 Book(author=Author(name=Author7), name=Book 5)&#10;76 Book(author=Author(name=Author7), name=Book 6)&#10;77 Book(author=Author(name=Author7), name=Book 7)&#10;78 Book(author=Author(name=Author7), name=Book 8)&#10;79 Book(author=Author(name=Author7), name=Book 9)&#10;80 Book(author=Author(name=Author8), name=Book 0)&#10;81 Book(author=Author(name=Author8), name=Book 1)&#10;82 Book(author=Author(name=Author8), name=Book 2)&#10;83 Book(author=Author(name=Author8), name=Book 3)&#10;84 Book(author=Author(name=Author8), name=Book 4)&#10;85 Book(author=Author(name=Author8), name=Book 5)&#10;86 Book(author=Author(name=Author8), name=Book 6)&#10;87 Book(author=Author(name=Author8), name=Book 7)&#10;88 Book(author=Author(name=Author8), name=Book 8)&#10;89 Book(author=Author(name=Author8), name=Book 9)&#10;90 Book(author=Author(name=Author9), name=Book 0)&#10;91 Book(author=Author(name=Author9), name=Book 1)&#10;92 Book(author=Author(name=Author9), name=Book 2)&#10;93 Book(author=Author(name=Author9), name=Book 3)&#10;94 Book(author=Author(name=Author9), name=Book 4)&#10;95 Book(author=Author(name=Author9), name=Book 5)&#10;96 Book(author=Author(name=Author9), name=Book 6)&#10;97 Book(author=Author(name=Author9), name=Book 7)&#10;98 Book(author=Author(name=Author9), name=Book 8)&#10;99 Book(author=Author(name=Author9), name=Book 9)&#10;100 null&#10;101 null&#10;102 null&#10;103 null&#10;104 null&#10;105 null&#10;106 null&#10;107 null&#10;108 null&#10;109 null&#10;110 null&#10;111 null&#10;112 null&#10;113 null&#10;114 null&#10;115 null&#10;116 null&#10;117 null&#10;118 null&#10;119 null&#10;120 null&#10;121 null&#10;122 null&#10;123 null&#10;124 null&#10;125 null&#10;126 null&#10;127 null&#10;128 null&#10;129 null&#10;130 null&#10;131 null&#10;132 null&#10;133 null&#10;134 null&#10;135 null&#10;136 null&#10;137 null&#10;138 null&#10;139 null&#10;140 null&#10;141 null&#10;142 null&#10;143 null&#10;144 null&#10;145 null&#10;146 null&#10;147 null&#10;148 null&#10;149 null]&#10;&gt; but was:&lt;...thor0), name=Book 0)[&#13;&#10;1 Book(author=Author(name=Author0), name=Book 1)&#13;&#10;2 Book(author=Author(name=Author0), name=Book 2)&#13;&#10;3 Book(author=Author(name=Author0), name=Book 3)&#13;&#10;4 Book(author=Author(name=Author0), name=Book 4)&#13;&#10;5 Book(author=Author(name=Author0), name=Book 5)&#13;&#10;6 Book(author=Author(name=Author0), name=Book 6)&#13;&#10;7 Book(author=Author(name=Author0), name=Book 7)&#13;&#10;8 Book(author=Author(name=Author0), name=Book 8)&#13;&#10;9 Book(author=Author(name=Author0), name=Book 9)&#13;&#10;10 Book(author=Author(name=Author1), name=Book 0)&#13;&#10;11 Book(author=Author(name=Author1), name=Book 1)&#13;&#10;12 Book(author=Author(name=Author1), name=Book 2)&#13;&#10;13 Book(author=Author(name=Author1), name=Book 3)&#13;&#10;14 Book(author=Author(name=Author1), name=Book 4)&#13;&#10;15 Book(author=Author(name=Author1), name=Book 5)&#13;&#10;16 Book(author=Author(name=Author1), name=Book 6)&#13;&#10;17 Book(author=Author(name=Author1), name=Book 7)&#13;&#10;18 Book(author=Author(name=Author1), name=Book 8)&#13;&#10;19 Book(author=Author(name=Author1), name=Book 9)&#13;&#10;20 Book(author=Author(name=Author2), name=Book 0)&#13;&#10;21 Book(author=Author(name=Author2), name=Book 1)&#13;&#10;22 Book(author=Author(name=Author2), name=Book 2)&#13;&#10;23 Book(author=Author(name=Author2), name=Book 3)&#13;&#10;24 Book(author=Author(name=Author2), name=Book 4)&#13;&#10;25 Book(author=Author(name=Author2), name=Book 5)&#13;&#10;26 Book(author=Author(name=Author2), name=Book 6)&#13;&#10;27 Book(author=Author(name=Author2), name=Book 7)&#13;&#10;28 Book(author=Author(name=Author2), name=Book 8)&#13;&#10;29 Book(author=Author(name=Author2), name=Book 9)&#13;&#10;30 Book(author=Author(name=Author3), name=Book 0)&#13;&#10;31 Book(author=Author(name=Author3), name=Book 1)&#13;&#10;32 Book(author=Author(name=Author3), name=Book 2)&#13;&#10;33 Book(author=Author(name=Author3), name=Book 3)&#13;&#10;34 Book(author=Author(name=Author3), name=Book 4)&#13;&#10;35 Book(author=Author(name=Author3), name=Book 5)&#13;&#10;36 Book(author=Author(name=Author3), name=Book 6)&#13;&#10;37 Book(author=Author(name=Author3), name=Book 7)&#13;&#10;38 Book(author=Author(name=Author3), name=Book 8)&#13;&#10;39 Book(author=Author(name=Author3), name=Book 9)&#13;&#10;40 Book(author=Author(name=Author4), name=Book 0)&#13;&#10;41 Book(author=Author(name=Author4), name=Book 1)&#13;&#10;42 Book(author=Author(name=Author4), name=Book 2)&#13;&#10;43 Book(author=Author(name=Author4), name=Book 3)&#13;&#10;44 Book(author=Author(name=Author4), name=Book 4)&#13;&#10;45 Book(author=Author(name=Author4), name=Book 5)&#13;&#10;46 Book(author=Author(name=Author4), name=Book 6)&#13;&#10;47 Book(author=Author(name=Author4), name=Book 7)&#13;&#10;48 Book(author=Author(name=Author4), name=Book 8)&#13;&#10;49 Book(author=Author(name=Author4), name=Book 9)&#13;&#10;50 Book(author=Author(name=Author5), name=Book 0)&#13;&#10;51 Book(author=Author(name=Author5), name=Book 1)&#13;&#10;52 Book(author=Author(name=Author5), name=Book 2)&#13;&#10;53 Book(author=Author(name=Author5), name=Book 3)&#13;&#10;54 Book(author=Author(name=Author5), name=Book 4)&#13;&#10;55 Book(author=Author(name=Author5), name=Book 5)&#13;&#10;56 Book(author=Author(name=Author5), name=Book 6)&#13;&#10;57 Book(author=Author(name=Author5), name=Book 7)&#13;&#10;58 Book(author=Author(name=Author5), name=Book 8)&#13;&#10;59 Book(author=Author(name=Author5), name=Book 9)&#13;&#10;60 Book(author=Author(name=Author6), name=Book 0)&#13;&#10;61 Book(author=Author(name=Author6), name=Book 1)&#13;&#10;62 Book(author=Author(name=Author6), name=Book 2)&#13;&#10;63 Book(author=Author(name=Author6), name=Book 3)&#13;&#10;64 Book(author=Author(name=Author6), name=Book 4)&#13;&#10;65 Book(author=Author(name=Author6), name=Book 5)&#13;&#10;66 Book(author=Author(name=Author6), name=Book 6)&#13;&#10;67 Book(author=Author(name=Author6), name=Book 7)&#13;&#10;68 Book(author=Author(name=Author6), name=Book 8)&#13;&#10;69 Book(author=Author(name=Author6), name=Book 9)&#13;&#10;70 Book(author=Author(name=Author7), name=Book 0)&#13;&#10;71 Book(author=Author(name=Author7), name=Book 1)&#13;&#10;72 Book(author=Author(name=Author7), name=Book 2)&#13;&#10;73 Book(author=Author(name=Author7), name=Book 3)&#13;&#10;74 Book(author=Author(name=Author7), name=Book 4)&#13;&#10;75 Book(author=Author(name=Author7), name=Book 5)&#13;&#10;76 Book(author=Author(name=Author7), name=Book 6)&#13;&#10;77 Book(author=Author(name=Author7), name=Book 7)&#13;&#10;78 Book(author=Author(name=Author7), name=Book 8)&#13;&#10;79 Book(author=Author(name=Author7), name=Book 9)&#13;&#10;80 Book(author=Author(name=Author8), name=Book 0)&#13;&#10;81 Book(author=Author(name=Author8), name=Book 1)&#13;&#10;82 Book(author=Author(name=Author8), name=Book 2)&#13;&#10;83 Book(author=Author(name=Author8), name=Book 3)&#13;&#10;84 Book(author=Author(name=Author8), name=Book 4)&#13;&#10;85 Book(author=Author(name=Author8), name=Book 5)&#13;&#10;86 Book(author=Author(name=Author8), name=Book 6)&#13;&#10;87 Book(author=Author(name=Author8), name=Book 7)&#13;&#10;88 Book(author=Author(name=Author8), name=Book 8)&#13;&#10;89 Book(author=Author(name=Author8), name=Book 9)&#13;&#10;90 Book(author=Author(name=Author9), name=Book 0)&#13;&#10;91 Book(author=Author(name=Author9), name=Book 1)&#13;&#10;92 Book(author=Author(name=Author9), name=Book 2)&#13;&#10;93 Book(author=Author(name=Author9), name=Book 3)&#13;&#10;94 Book(author=Author(name=Author9), name=Book 4)&#13;&#10;95 Book(author=Author(name=Author9), name=Book 5)&#13;&#10;96 Book(author=Author(name=Author9), name=Book 6)&#13;&#10;97 Book(author=Author(name=Author9), name=Book 7)&#13;&#10;98 Book(author=Author(name=Author9), name=Book 8)&#13;&#10;99 Book(author=Author(name=Author9), name=Book 9)&#13;&#10;100 null&#13;&#10;101 null&#13;&#10;102 null&#13;&#10;103 null&#13;&#10;104 null&#13;&#10;105 null&#13;&#10;106 null&#13;&#10;107 null&#13;&#10;108 null&#13;&#10;109 null&#13;&#10;110 null&#13;&#10;111 null&#13;&#10;112 null&#13;&#10;113 null&#13;&#10;114 null&#13;&#10;115 null&#13;&#10;116 null&#13;&#10;117 null&#13;&#10;118 null&#13;&#10;119 null&#13;&#10;120 null&#13;&#10;121 null&#13;&#10;122 null&#13;&#10;123 null&#13;&#10;124 null&#13;&#10;125 null&#13;&#10;126 null&#13;&#10;127 null&#13;&#10;128 null&#13;&#10;129 null&#13;&#10;130 null&#13;&#10;131 null&#13;&#10;132 null&#13;&#10;133 null&#13;&#10;134 null&#13;&#10;135 null&#13;&#10;136 null&#13;&#10;137 null&#13;&#10;138 null&#13;&#10;139 null&#13;&#10;140 null&#13;&#10;141 null&#13;&#10;142 null&#13;&#10;143 null&#13;&#10;144 null&#13;&#10;145 null&#13;&#10;146 null&#13;&#10;147 null&#13;&#10;148 null&#13;&#10;149 null&#13;]&#10;&gt;" type="org.junit.ComparisonFailure">org.junit.ComparisonFailure: expected:&lt;...thor0), name=Book 0)[
1 Book(author=Author(name=Author0), name=Book 1)
2 Book(author=Author(name=Author0), name=Book 2)
3 Book(author=Author(name=Author0), name=Book 3)
4 Book(author=Author(name=Author0), name=Book 4)
5 Book(author=Author(name=Author0), name=Book 5)
6 Book(author=Author(name=Author0), name=Book 6)
7 Book(author=Author(name=Author0), name=Book 7)
8 Book(author=Author(name=Author0), name=Book 8)
9 Book(author=Author(name=Author0), name=Book 9)
10 Book(author=Author(name=Author1), name=Book 0)
11 Book(author=Author(name=Author1), name=Book 1)
12 Book(author=Author(name=Author1), name=Book 2)
13 Book(author=Author(name=Author1), name=Book 3)
14 Book(author=Author(name=Author1), name=Book 4)
15 Book(author=Author(name=Author1), name=Book 5)
16 Book(author=Author(name=Author1), name=Book 6)
17 Book(author=Author(name=Author1), name=Book 7)
18 Book(author=Author(name=Author1), name=Book 8)
19 Book(author=Author(name=Author1), name=Book 9)
20 Book(author=Author(name=Author2), name=Book 0)
21 Book(author=Author(name=Author2), name=Book 1)
22 Book(author=Author(name=Author2), name=Book 2)
23 Book(author=Author(name=Author2), name=Book 3)
24 Book(author=Author(name=Author2), name=Book 4)
25 Book(author=Author(name=Author2), name=Book 5)
26 Book(author=Author(name=Author2), name=Book 6)
27 Book(author=Author(name=Author2), name=Book 7)
28 Book(author=Author(name=Author2), name=Book 8)
29 Book(author=Author(name=Author2), name=Book 9)
30 Book(author=Author(name=Author3), name=Book 0)
31 Book(author=Author(name=Author3), name=Book 1)
32 Book(author=Author(name=Author3), name=Book 2)
33 Book(author=Author(name=Author3), name=Book 3)
34 Book(author=Author(name=Author3), name=Book 4)
35 Book(author=Author(name=Author3), name=Book 5)
36 Book(author=Author(name=Author3), name=Book 6)
37 Book(author=Author(name=Author3), name=Book 7)
38 Book(author=Author(name=Author3), name=Book 8)
39 Book(author=Author(name=Author3), name=Book 9)
40 Book(author=Author(name=Author4), name=Book 0)
41 Book(author=Author(name=Author4), name=Book 1)
42 Book(author=Author(name=Author4), name=Book 2)
43 Book(author=Author(name=Author4), name=Book 3)
44 Book(author=Author(name=Author4), name=Book 4)
45 Book(author=Author(name=Author4), name=Book 5)
46 Book(author=Author(name=Author4), name=Book 6)
47 Book(author=Author(name=Author4), name=Book 7)
48 Book(author=Author(name=Author4), name=Book 8)
49 Book(author=Author(name=Author4), name=Book 9)
50 Book(author=Author(name=Author5), name=Book 0)
51 Book(author=Author(name=Author5), name=Book 1)
52 Book(author=Author(name=Author5), name=Book 2)
53 Book(author=Author(name=Author5), name=Book 3)
54 Book(author=Author(name=Author5), name=Book 4)
55 Book(author=Author(name=Author5), name=Book 5)
56 Book(author=Author(name=Author5), name=Book 6)
57 Book(author=Author(name=Author5), name=Book 7)
58 Book(author=Author(name=Author5), name=Book 8)
59 Book(author=Author(name=Author5), name=Book 9)
60 Book(author=Author(name=Author6), name=Book 0)
61 Book(author=Author(name=Author6), name=Book 1)
62 Book(author=Author(name=Author6), name=Book 2)
63 Book(author=Author(name=Author6), name=Book 3)
64 Book(author=Author(name=Author6), name=Book 4)
65 Book(author=Author(name=Author6), name=Book 5)
66 Book(author=Author(name=Author6), name=Book 6)
67 Book(author=Author(name=Author6), name=Book 7)
68 Book(author=Author(name=Author6), name=Book 8)
69 Book(author=Author(name=Author6), name=Book 9)
70 Book(author=Author(name=Author7), name=Book 0)
71 Book(author=Author(name=Author7), name=Book 1)
72 Book(author=Author(name=Author7), name=Book 2)
73 Book(author=Author(name=Author7), name=Book 3)
74 Book(author=Author(name=Author7), name=Book 4)
75 Book(author=Author(name=Author7), name=Book 5)
76 Book(author=Author(name=Author7), name=Book 6)
77 Book(author=Author(name=Author7), name=Book 7)
78 Book(author=Author(name=Author7), name=Book 8)
79 Book(author=Author(name=Author7), name=Book 9)
80 Book(author=Author(name=Author8), name=Book 0)
81 Book(author=Author(name=Author8), name=Book 1)
82 Book(author=Author(name=Author8), name=Book 2)
83 Book(author=Author(name=Author8), name=Book 3)
84 Book(author=Author(name=Author8), name=Book 4)
85 Book(author=Author(name=Author8), name=Book 5)
86 Book(author=Author(name=Author8), name=Book 6)
87 Book(author=Author(name=Author8), name=Book 7)
88 Book(author=Author(name=Author8), name=Book 8)
89 Book(author=Author(name=Author8), name=Book 9)
90 Book(author=Author(name=Author9), name=Book 0)
91 Book(author=Author(name=Author9), name=Book 1)
92 Book(author=Author(name=Author9), name=Book 2)
93 Book(author=Author(name=Author9), name=Book 3)
94 Book(author=Author(name=Author9), name=Book 4)
95 Book(author=Author(name=Author9), name=Book 5)
96 Book(author=Author(name=Author9), name=Book 6)
97 Book(author=Author(name=Author9), name=Book 7)
98 Book(author=Author(name=Author9), name=Book 8)
99 Book(author=Author(name=Author9), name=Book 9)
100 null
101 null
102 null
103 null
104 null
105 null
106 null
107 null
108 null
109 null
110 null
111 null
112 null
113 null
114 null
115 null
116 null
117 null
118 null
119 null
120 null
121 null
122 null
123 null
124 null
125 null
126 null
127 null
128 null
129 null
130 null
131 null
132 null
133 null
134 null
135 null
136 null
137 null
138 null
139 null
140 null
141 null
142 null
143 null
144 null
145 null
146 null
147 null
148 null
149 null]
&gt; but was:&lt;...thor0), name=Book 0)[
1 Book(author=Author(name=Author0), name=Book 1)
2 Book(author=Author(name=Author0), name=Book 2)
3 Book(author=Author(name=Author0), name=Book 3)
4 Book(author=Author(name=Author0), name=Book 4)
5 Book(author=Author(name=Author0), name=Book 5)
6 Book(author=Author(name=Author0), name=Book 6)
7 Book(author=Author(name=Author0), name=Book 7)
8 Book(author=Author(name=Author0), name=Book 8)
9 Book(author=Author(name=Author0), name=Book 9)
10 Book(author=Author(name=Author1), name=Book 0)
11 Book(author=Author(name=Author1), name=Book 1)
12 Book(author=Author(name=Author1), name=Book 2)
13 Book(author=Author(name=Author1), name=Book 3)
14 Book(author=Author(name=Author1), name=Book 4)
15 Book(author=Author(name=Author1), name=Book 5)
16 Book(author=Author(name=Author1), name=Book 6)
17 Book(author=Author(name=Author1), name=Book 7)
18 Book(author=Author(name=Author1), name=Book 8)
19 Book(author=Author(name=Author1), name=Book 9)
20 Book(author=Author(name=Author2), name=Book 0)
21 Book(author=Author(name=Author2), name=Book 1)
22 Book(author=Author(name=Author2), name=Book 2)
23 Book(author=Author(name=Author2), name=Book 3)
24 Book(author=Author(name=Author2), name=Book 4)
25 Book(author=Author(name=Author2), name=Book 5)
26 Book(author=Author(name=Author2), name=Book 6)
27 Book(author=Author(name=Author2), name=Book 7)
28 Book(author=Author(name=Author2), name=Book 8)
29 Book(author=Author(name=Author2), name=Book 9)
30 Book(author=Author(name=Author3), name=Book 0)
31 Book(author=Author(name=Author3), name=Book 1)
32 Book(author=Author(name=Author3), name=Book 2)
33 Book(author=Author(name=Author3), name=Book 3)
34 Book(author=Author(name=Author3), name=Book 4)
35 Book(author=Author(name=Author3), name=Book 5)
36 Book(author=Author(name=Author3), name=Book 6)
37 Book(author=Author(name=Author3), name=Book 7)
38 Book(author=Author(name=Author3), name=Book 8)
39 Book(author=Author(name=Author3), name=Book 9)
40 Book(author=Author(name=Author4), name=Book 0)
41 Book(author=Author(name=Author4), name=Book 1)
42 Book(author=Author(name=Author4), name=Book 2)
43 Book(author=Author(name=Author4), name=Book 3)
44 Book(author=Author(name=Author4), name=Book 4)
45 Book(author=Author(name=Author4), name=Book 5)
46 Book(author=Author(name=Author4), name=Book 6)
47 Book(author=Author(name=Author4), name=Book 7)
48 Book(author=Author(name=Author4), name=Book 8)
49 Book(author=Author(name=Author4), name=Book 9)
50 Book(author=Author(name=Author5), name=Book 0)
51 Book(author=Author(name=Author5), name=Book 1)
52 Book(author=Author(name=Author5), name=Book 2)
53 Book(author=Author(name=Author5), name=Book 3)
54 Book(author=Author(name=Author5), name=Book 4)
55 Book(author=Author(name=Author5), name=Book 5)
56 Book(author=Author(name=Author5), name=Book 6)
57 Book(author=Author(name=Author5), name=Book 7)
58 Book(author=Author(name=Author5), name=Book 8)
59 Book(author=Author(name=Author5), name=Book 9)
60 Book(author=Author(name=Author6), name=Book 0)
61 Book(author=Author(name=Author6), name=Book 1)
62 Book(author=Author(name=Author6), name=Book 2)
63 Book(author=Author(name=Author6), name=Book 3)
64 Book(author=Author(name=Author6), name=Book 4)
65 Book(author=Author(name=Author6), name=Book 5)
66 Book(author=Author(name=Author6), name=Book 6)
67 Book(author=Author(name=Author6), name=Book 7)
68 Book(author=Author(name=Author6), name=Book 8)
69 Book(author=Author(name=Author6), name=Book 9)
70 Book(author=Author(name=Author7), name=Book 0)
71 Book(author=Author(name=Author7), name=Book 1)
72 Book(author=Author(name=Author7), name=Book 2)
73 Book(author=Author(name=Author7), name=Book 3)
74 Book(author=Author(name=Author7), name=Book 4)
75 Book(author=Author(name=Author7), name=Book 5)
76 Book(author=Author(name=Author7), name=Book 6)
77 Book(author=Author(name=Author7), name=Book 7)
78 Book(author=Author(name=Author7), name=Book 8)
79 Book(author=Author(name=Author7), name=Book 9)
80 Book(author=Author(name=Author8), name=Book 0)
81 Book(author=Author(name=Author8), name=Book 1)
82 Book(author=Author(name=Author8), name=Book 2)
83 Book(author=Author(name=Author8), name=Book 3)
84 Book(author=Author(name=Author8), name=Book 4)
85 Book(author=Author(name=Author8), name=Book 5)
86 Book(author=Author(name=Author8), name=Book 6)
87 Book(author=Author(name=Author8), name=Book 7)
88 Book(author=Author(name=Author8), name=Book 8)
89 Book(author=Author(name=Author8), name=Book 9)
90 Book(author=Author(name=Author9), name=Book 0)
91 Book(author=Author(name=Author9), name=Book 1)
92 Book(author=Author(name=Author9), name=Book 2)
93 Book(author=Author(name=Author9), name=Book 3)
94 Book(author=Author(name=Author9), name=Book 4)
95 Book(author=Author(name=Author9), name=Book 5)
96 Book(author=Author(name=Author9), name=Book 6)
97 Book(author=Author(name=Author9), name=Book 7)
98 Book(author=Author(name=Author9), name=Book 8)
99 Book(author=Author(name=Author9), name=Book 9)
100 null
101 null
102 null
103 null
104 null
105 null
106 null
107 null
108 null
109 null
110 null
111 null
112 null
113 null
114 null
115 null
116 null
117 null
118 null
119 null
120 null
121 null
122 null
123 null
124 null
125 null
126 null
127 null
128 null
129 null
130 null
131 null
132 null
133 null
134 null
135 null
136 null
137 null
138 null
139 null
140 null
141 null
142 null
143 null
144 null
145 null
146 null
147 null
148 null
149 null]
&gt;
	at org.junit.Assert.assertEquals(Assert.java:115)
	at org.junit.Assert.assertEquals(Assert.java:144)
	at MainTest.testPrintContent(MainTest.java:42)
	at sun.reflect.NativeMethodAccessorImpl.invoke0(Native Method)
	at sun.reflect.NativeMethodAccessorImpl.invoke(NativeMethodAccessorImpl.java:62)
	at sun.reflect.DelegatingMethodAccessorImpl.invoke(DelegatingMethodAccessorImpl.java:43)
	at java.lang.reflect.Method.invoke(Method.java:498)
	at org.junit.runners.model.FrameworkMethod$1.runReflectiveCall(FrameworkMethod.java:50)
	at org.junit.internal.runners.model.ReflectiveCallable.run(ReflectiveCallable.java:12)
	at org.junit.runners.model.FrameworkMethod.invokeExplosively(FrameworkMethod.java:47)
	at org.junit.internal.runners.statements.InvokeMethod.evaluate(InvokeMethod.java:17)
	at org.junit.internal.runners.statements.RunBefores.evaluate(RunBefores.java:26)
	at org.junit.runners.ParentRunner.runLeaf(ParentRunner.java:325)
	at org.junit.runners.BlockJUnit4ClassRunner.runChild(BlockJUnit4ClassRunner.java:78)
	at org.junit.runners.BlockJUnit4ClassRunner.runChild(BlockJUnit4ClassRunner.java:57)
	at org.junit.runners.ParentRunner$3.run(ParentRunner.java:290)
	at org.junit.runners.ParentRunner$1.schedule(ParentRunner.java:71)
	at org.junit.runners.ParentRunner.runChildren(ParentRunner.java:288)
	at org.junit.runners.ParentRunner.access$000(ParentRunner.java:58)
	at org.junit.runners.ParentRunner$2.evaluate(ParentRunner.java:268)
	at org.junit.runners.ParentRunner.run(ParentRunner.java:363)
	at org.gradle.api.internal.tasks.testing.junit.JUnitTestClassExecutor.runTestClass(JUnitTestClassExecutor.java:110)
	at org.gradle.api.internal.tasks.testing.junit.JUnitTestClassExecutor.execute(JUnitTestClassExecutor.java:58)
	at org.gradle.api.internal.tasks.testing.junit.JUnitTestClassExecutor.execute(JUnitTestClassExecutor.java:38)
	at org.gradle.api.internal.tasks.testing.junit.AbstractJUnitTestClassProcessor.processTestClass(AbstractJUnitTestClassProcessor.java:62)
	at org.gradle.api.internal.tasks.testing.SuiteTestClassProcessor.processTestClass(SuiteTestClassProcessor.java:51)
	at sun.reflect.NativeMethodAccessorImpl.invoke0(Native Method)
	at sun.reflect.NativeMethodAccessorImpl.invoke(NativeMethodAccessorImpl.java:62)
	at sun.reflect.DelegatingMethodAccessorImpl.invoke(DelegatingMethodAccessorImpl.java:43)
	at java.lang.reflect.Method.invoke(Method.java:498)
	at org.gradle.internal.dispatch.ReflectionDispatch.dispatch(ReflectionDispatch.java:36)
	at org.gradle.internal.dispatch.ReflectionDispatch.dispatch(ReflectionDispatch.java:24)
	at org.gradle.internal.dispatch.ContextClassLoaderDispatch.dispatch(ContextClassLoaderDispatch.java:33)
	at org.gradle.internal.dispatch.ProxyDispatchAdapter$DispatchingInvocationHandler.invoke(ProxyDispatchAdapter.java:94)
	at com.sun.proxy.$Proxy2.processTestClass(Unknown Source)
	at org.gradle.api.internal.tasks.testing.worker.TestWorker.processTestClass(TestWorker.java:121)
	at sun.reflect.NativeMethodAccessorImpl.invoke0(Native Method)
	at sun.reflect.NativeMethodAccessorImpl.invoke(NativeMethodAccessorImpl.java:62)
	at sun.reflect.DelegatingMethodAccessorImpl.invoke(DelegatingMethodAccessorImpl.java:43)
	at java.lang.reflect.Method.invoke(Method.java:498)
	at org.gradle.internal.dispatch.ReflectionDispatch.dispatch(ReflectionDispatch.java:36)
	at org.gradle.internal.dispatch.ReflectionDispatch.dispatch(ReflectionDispatch.java:24)
	at org.gradle.internal.remote.internal.hub.MessageHubBackedObjectConnection$DispatchWrapper.dispatch(MessageHubBackedObjectConnection.java:182)
	at org.gradle.internal.remote.internal.hub.MessageHubBackedObjectConnection$DispatchWrapper.dispatch(MessageHubBackedObjectConnection.java:164)
	at org.gradle.internal.remote.internal.hub.MessageHub$Handler.run(MessageHub.java:414)
	at org.gradle.internal.concurrent.ExecutorPolicy$CatchAndRecordFailures.onExecute(ExecutorPolicy.java:64)
	at org.gradle.internal.concurrent.ManagedExecutorImpl$1.run(ManagedExecutorImpl.java:48)
	at java.util.concurrent.ThreadPoolExecutor.runWorker(ThreadPoolExecutor.java:1149)
	at java.util.concurrent.ThreadPoolExecutor$Worker.run(ThreadPoolExecutor.java:624)
	at org.gradle.internal.concurrent.ThreadFactoryImpl$ManagedThreadRunnable.run(ThreadFactoryImpl.java:56)
	at java.lang.Thread.run(Thread.java:748)
</failure>
  </testcase>
  <system-out><![CDATA[]]></system-out>
  <system-err><![CDATA[]]></system-err>
</testsuite>
